<?xml version="1.0" encoding="UTF-8"?>
<testsuite xmlns:xsi="http://www.w3.org/2001/XMLSchema-instance" xsi:noNamespaceSchemaLocation="https://maven.apache.org/surefire/maven-surefire-plugin/xsd/surefire-test-report-3.0.xsd" version="3.0" name="com.example.dao.EmprestimoDAOTest" time="2.647" tests="4" errors="0" skipped="0" failures="0">
  <properties>
    <property name="java.specification.version" value="21"/>
    <property name="sun.cpu.isalist" value="amd64"/>
    <property name="sun.jnu.encoding" value="Cp1252"/>
    <property name="java.class.path" value="C:\Users\Saemi\Documents\PROGRAMAÇÃO\demo\target\test-classes;C:\Users\Saemi\Documents\PROGRAMAÇÃO\demo\target\classes;C:\Users\Saemi\.m2\repository\com\h2database\h2\2.1.214\h2-2.1.214.jar;C:\Users\Saemi\.m2\repository\org\hibernate\orm\hibernate-core\6.4.4.Final\hibernate-core-6.4.4.Final.jar;C:\Users\Saemi\.m2\repository\jakarta\transaction\jakarta.transaction-api\2.0.1\jakarta.transaction-api-2.0.1.jar;C:\Users\Saemi\.m2\repository\org\jboss\logging\jboss-logging\3.5.0.Final\jboss-logging-3.5.0.Final.jar;C:\Users\Saemi\.m2\repository\org\hibernate\common\hibernate-commons-annotations\6.0.6.Final\hibernate-commons-annotations-6.0.6.Final.jar;C:\Users\Saemi\.m2\repository\io\smallrye\jandex\3.1.2\jandex-3.1.2.jar;C:\Users\Saemi\.m2\repository\com\fasterxml\classmate\1.5.1\classmate-1.5.1.jar;C:\Users\Saemi\.m2\repository\net\bytebuddy\byte-buddy\1.14.11\byte-buddy-1.14.11.jar;C:\Users\Saemi\.m2\repository\jakarta\xml\bind\jakarta.xml.bind-api\4.0.0\jakarta.xml.bind-api-4.0.0.jar;C:\Users\Saemi\.m2\repository\jakarta\activation\jakarta.activation-api\2.1.0\jakarta.activation-api-2.1.0.jar;C:\Users\Saemi\.m2\repository\org\glassfish\jaxb\jaxb-runtime\4.0.2\jaxb-runtime-4.0.2.jar;C:\Users\Saemi\.m2\repository\org\glassfish\jaxb\jaxb-core\4.0.2\jaxb-core-4.0.2.jar;C:\Users\Saemi\.m2\repository\org\eclipse\angus\angus-activation\2.0.0\angus-activation-2.0.0.jar;C:\Users\Saemi\.m2\repository\org\glassfish\jaxb\txw2\4.0.2\txw2-4.0.2.jar;C:\Users\Saemi\.m2\repository\com\sun\istack\istack-commons-runtime\4.1.1\istack-commons-runtime-4.1.1.jar;C:\Users\Saemi\.m2\repository\jakarta\inject\jakarta.inject-api\2.0.1\jakarta.inject-api-2.0.1.jar;C:\Users\Saemi\.m2\repository\org\antlr\antlr4-runtime\4.13.0\antlr4-runtime-4.13.0.jar;C:\Users\Saemi\.m2\repository\jakarta\persistence\jakarta.persistence-api\3.1.0\jakarta.persistence-api-3.1.0.jar;C:\Users\Saemi\.m2\repository\org\junit\jupiter\junit-jupiter\5.9.3\junit-jupiter-5.9.3.jar;C:\Users\Saemi\.m2\repository\org\junit\jupiter\junit-jupiter-api\5.9.3\junit-jupiter-api-5.9.3.jar;C:\Users\Saemi\.m2\repository\org\opentest4j\opentest4j\1.2.0\opentest4j-1.2.0.jar;C:\Users\Saemi\.m2\repository\org\junit\platform\junit-platform-commons\1.9.3\junit-platform-commons-1.9.3.jar;C:\Users\Saemi\.m2\repository\org\apiguardian\apiguardian-api\1.1.2\apiguardian-api-1.1.2.jar;C:\Users\Saemi\.m2\repository\org\junit\jupiter\junit-jupiter-params\5.9.3\junit-jupiter-params-5.9.3.jar;C:\Users\Saemi\.m2\repository\org\junit\jupiter\junit-jupiter-engine\5.9.3\junit-jupiter-engine-5.9.3.jar;C:\Users\Saemi\.m2\repository\org\junit\platform\junit-platform-engine\1.9.3\junit-platform-engine-1.9.3.jar;"/>
    <property name="java.vm.vendor" value="Oracle Corporation"/>
    <property name="sun.arch.data.model" value="64"/>
    <property name="user.variant" value=""/>
    <property name="java.vendor.url" value="https://java.oracle.com/"/>
    <property name="user.timezone" value="America/Sao_Paulo"/>
    <property name="os.name" value="Windows 11"/>
    <property name="java.vm.specification.version" value="21"/>
    <property name="sun.java.launcher" value="SUN_STANDARD"/>
    <property name="user.country" value="BR"/>
    <property name="sun.boot.library.path" value="C:\Program Files\Java\jdk-21\bin"/>
    <property name="sun.java.command" value="C:\Users\Saemi\AppData\Local\Temp\surefire9852222678572619123\surefirebooter-20250514122153874_3.jar C:\Users\Saemi\AppData\Local\Temp\surefire9852222678572619123 2025-05-14T12-21-53_761-jvmRun1 surefire-20250514122153874_1tmp surefire_0-20250514122153874_2tmp"/>
    <property name="jdk.debug" value="release"/>
    <property name="surefire.test.class.path" value="C:\Users\Saemi\Documents\PROGRAMAÇÃO\demo\target\test-classes;C:\Users\Saemi\Documents\PROGRAMAÇÃO\demo\target\classes;C:\Users\Saemi\.m2\repository\com\h2database\h2\2.1.214\h2-2.1.214.jar;C:\Users\Saemi\.m2\repository\org\hibernate\orm\hibernate-core\6.4.4.Final\hibernate-core-6.4.4.Final.jar;C:\Users\Saemi\.m2\repository\jakarta\transaction\jakarta.transaction-api\2.0.1\jakarta.transaction-api-2.0.1.jar;C:\Users\Saemi\.m2\repository\org\jboss\logging\jboss-logging\3.5.0.Final\jboss-logging-3.5.0.Final.jar;C:\Users\Saemi\.m2\repository\org\hibernate\common\hibernate-commons-annotations\6.0.6.Final\hibernate-commons-annotations-6.0.6.Final.jar;C:\Users\Saemi\.m2\repository\io\smallrye\jandex\3.1.2\jandex-3.1.2.jar;C:\Users\Saemi\.m2\repository\com\fasterxml\classmate\1.5.1\classmate-1.5.1.jar;C:\Users\Saemi\.m2\repository\net\bytebuddy\byte-buddy\1.14.11\byte-buddy-1.14.11.jar;C:\Users\Saemi\.m2\repository\jakarta\xml\bind\jakarta.xml.bind-api\4.0.0\jakarta.xml.bind-api-4.0.0.jar;C:\Users\Saemi\.m2\repository\jakarta\activation\jakarta.activation-api\2.1.0\jakarta.activation-api-2.1.0.jar;C:\Users\Saemi\.m2\repository\org\glassfish\jaxb\jaxb-runtime\4.0.2\jaxb-runtime-4.0.2.jar;C:\Users\Saemi\.m2\repository\org\glassfish\jaxb\jaxb-core\4.0.2\jaxb-core-4.0.2.jar;C:\Users\Saemi\.m2\repository\org\eclipse\angus\angus-activation\2.0.0\angus-activation-2.0.0.jar;C:\Users\Saemi\.m2\repository\org\glassfish\jaxb\txw2\4.0.2\txw2-4.0.2.jar;C:\Users\Saemi\.m2\repository\com\sun\istack\istack-commons-runtime\4.1.1\istack-commons-runtime-4.1.1.jar;C:\Users\Saemi\.m2\repository\jakarta\inject\jakarta.inject-api\2.0.1\jakarta.inject-api-2.0.1.jar;C:\Users\Saemi\.m2\repository\org\antlr\antlr4-runtime\4.13.0\antlr4-runtime-4.13.0.jar;C:\Users\Saemi\.m2\repository\jakarta\persistence\jakarta.persistence-api\3.1.0\jakarta.persistence-api-3.1.0.jar;C:\Users\Saemi\.m2\repository\org\junit\jupiter\junit-jupiter\5.9.3\junit-jupiter-5.9.3.jar;C:\Users\Saemi\.m2\repository\org\junit\jupiter\junit-jupiter-api\5.9.3\junit-jupiter-api-5.9.3.jar;C:\Users\Saemi\.m2\repository\org\opentest4j\opentest4j\1.2.0\opentest4j-1.2.0.jar;C:\Users\Saemi\.m2\repository\org\junit\platform\junit-platform-commons\1.9.3\junit-platform-commons-1.9.3.jar;C:\Users\Saemi\.m2\repository\org\apiguardian\apiguardian-api\1.1.2\apiguardian-api-1.1.2.jar;C:\Users\Saemi\.m2\repository\org\junit\jupiter\junit-jupiter-params\5.9.3\junit-jupiter-params-5.9.3.jar;C:\Users\Saemi\.m2\repository\org\junit\jupiter\junit-jupiter-engine\5.9.3\junit-jupiter-engine-5.9.3.jar;C:\Users\Saemi\.m2\repository\org\junit\platform\junit-platform-engine\1.9.3\junit-platform-engine-1.9.3.jar;"/>
    <property name="sun.cpu.endian" value="little"/>
    <property name="user.home" value="C:\Users\Saemi"/>
    <property name="user.language" value="pt"/>
    <property name="java.specification.vendor" value="Oracle Corporation"/>
    <property name="java.version.date" value="2025-01-21"/>
    <property name="java.home" value="C:\Program Files\Java\jdk-21"/>
    <property name="file.separator" value="\"/>
    <property name="basedir" value="C:\Users\Saemi\Documents\PROGRAMAÇÃO\demo"/>
    <property name="java.vm.compressedOopsMode" value="Zero based"/>
    <property name="line.separator" value="&#10;"/>
    <property name="java.vm.specification.vendor" value="Oracle Corporation"/>
    <property name="java.specification.name" value="Java Platform API Specification"/>
    <property name="surefire.real.class.path" value="C:\Users\Saemi\AppData\Local\Temp\surefire9852222678572619123\surefirebooter-20250514122153874_3.jar"/>
    <property name="user.script" value=""/>
    <property name="sun.management.compiler" value="HotSpot 64-Bit Tiered Compilers"/>
    <property name="java.runtime.version" value="21.0.6+8-LTS-188"/>
    <property name="user.name" value="Saemi"/>
    <property name="stdout.encoding" value="Cp1252"/>
    <property name="path.separator" value=";"/>
    <property name="os.version" value="10.0"/>
    <property name="java.runtime.name" value="Java(TM) SE Runtime Environment"/>
    <property name="file.encoding" value="UTF-8"/>
    <property name="java.vm.name" value="Java HotSpot(TM) 64-Bit Server VM"/>
    <property name="localRepository" value="C:\Users\Saemi\.m2\repository"/>
    <property name="java.vendor.url.bug" value="https://bugreport.java.com/bugreport/"/>
    <property name="java.io.tmpdir" value="C:\Users\Saemi\AppData\Local\Temp\"/>
    <property name="java.version" value="21.0.6"/>
    <property name="user.dir" value="C:\Users\Saemi\Documents\PROGRAMAÇÃO\demo"/>
    <property name="os.arch" value="amd64"/>
    <property name="java.vm.specification.name" value="Java Virtual Machine Specification"/>
    <property name="sun.os.patch.level" value=""/>
    <property name="native.encoding" value="Cp1252"/>
    <property name="java.library.path" value="C:\Program Files\Java\jdk-21\bin;C:\WINDOWS\Sun\Java\bin;C:\WINDOWS\system32;C:\WINDOWS;C:\Program Files\Common Files\Oracle\Java\javapath;C:\WINDOWS\system32;C:\WINDOWS;C:\WINDOWS\System32\Wbem;C:\WINDOWS\System32\WindowsPowerShell\v1.0\;C:\WINDOWS\System32\OpenSSH\;C:\Program Files\Java\jdk-21\bin;C:\Program Files\dotnet\;C:\Users\Saemi\AppData\Local\Microsoft\WindowsApps;C:\Users\Saemi\AppData\Local\Programs\Microsoft VS Code\bin;C:\Users\Saemi\AppData\Local\Muse Hub\lib;C:\Program Files\apache-maven-3.9.9-bin\apache-maven-3.9.9\bin;;."/>
    <property name="java.vm.info" value="mixed mode, sharing"/>
    <property name="stderr.encoding" value="Cp1252"/>
    <property name="java.vendor" value="Oracle Corporation"/>
    <property name="java.vm.version" value="21.0.6+8-LTS-188"/>
    <property name="sun.io.unicode.encoding" value="UnicodeLittle"/>
    <property name="java.class.version" value="65.0"/>
  </properties>
  <testcase name="testSalvarEBuscarPorId" classname="com.example.dao.EmprestimoDAOTest" time="1.964">
    <system-out><![CDATA[Hibernate: 
    drop table if exists Aluno cascade 
Hibernate: 
    drop table if exists Emprestimo cascade 
Hibernate: 
    drop table if exists Publicacao cascade 
Hibernate: 
    create table Aluno (
        matriculaAluno integer generated by default as identity,
        nome varchar(255),
        primary key (matriculaAluno)
    )
Hibernate: 
    create table Emprestimo (
        aluno_id integer,
        dataDevolucao date,
        dataEmprestimo date,
        id integer generated by default as identity,
        publicacao_id integer,
        primary key (id)
    )
Hibernate: 
    create table Publicacao (
        ano integer not null,
        codigoPub integer generated by default as identity,
        autor varchar(255),
        tipo varchar(255),
        titulo varchar(255),
        primary key (codigoPub)
    )
Hibernate: 
    alter table if exists Emprestimo 
       add constraint FKj8wph1uj1a4t5mjej9huvo699 
       foreign key (aluno_id) 
       references Aluno
Hibernate: 
    alter table if exists Emprestimo 
       add constraint FKnr3t00yqgs84taswbkfuo48ld 
       foreign key (publicacao_id) 
       references Publicacao
Hibernate: 
    insert 
    into
        Aluno
        (nome, matriculaAluno) 
    values
        (?, default)
Hibernate: 
    insert 
    into
        Publicacao
        (ano, autor, tipo, titulo, codigoPub) 
    values
        (?, ?, ?, ?, default)
Hibernate: 
    insert 
    into
        Emprestimo
        (aluno_id, dataDevolucao, dataEmprestimo, publicacao_id, id) 
    values
        (?, ?, ?, ?, default)
Hibernate: 
    drop table if exists Aluno cascade 
Hibernate: 
    drop table if exists Emprestimo cascade 
Hibernate: 
    drop table if exists Publicacao cascade 
]]></system-out>
    <system-err><![CDATA[mai. 14, 2025 12:21:54 PM org.hibernate.jpa.boot.internal.PersistenceXmlParser parsePersistenceXml
WARN: HHH015018: Encountered multiple persistence-unit stanzas defining same name [bibliotecaPU]; persistence-unit names must be unique
mai. 14, 2025 12:21:54 PM org.hibernate.jpa.internal.util.LogHelper logPersistenceUnitInformation
INFO: HHH000204: Processing PersistenceUnitInfo [name: bibliotecaPU]
mai. 14, 2025 12:21:54 PM org.hibernate.Version logVersion
INFO: HHH000412: Hibernate ORM core version 6.4.4.Final
mai. 14, 2025 12:21:54 PM org.hibernate.cache.internal.RegionFactoryInitiator initiateService
INFO: HHH000026: Second-level cache disabled
mai. 14, 2025 12:21:54 PM org.hibernate.engine.jdbc.connections.internal.DriverManagerConnectionProviderImpl configure
WARN: HHH10001002: Using built-in connection pool (not intended for production use)
mai. 14, 2025 12:21:54 PM org.hibernate.engine.jdbc.connections.internal.DriverManagerConnectionProviderImpl buildCreator
INFO: HHH10001005: Loaded JDBC driver class: org.h2.Driver
mai. 14, 2025 12:21:54 PM org.hibernate.engine.jdbc.connections.internal.DriverManagerConnectionProviderImpl buildCreator
INFO: HHH10001012: Connecting with JDBC URL [jdbc:h2:mem:test]
mai. 14, 2025 12:21:54 PM org.hibernate.engine.jdbc.connections.internal.DriverManagerConnectionProviderImpl buildCreator
INFO: HHH10001001: Connection properties: {password=****, user=sa}
mai. 14, 2025 12:21:54 PM org.hibernate.engine.jdbc.connections.internal.DriverManagerConnectionProviderImpl buildCreator
INFO: HHH10001003: Autocommit mode: false
mai. 14, 2025 12:21:54 PM org.hibernate.engine.jdbc.connections.internal.DriverManagerConnectionProviderImpl$PooledConnections <init>
INFO: HHH10001115: Connection pool size: 20 (min=1)
mai. 14, 2025 12:21:55 PM org.hibernate.engine.jdbc.dialect.internal.DialectFactoryImpl constructDialect
WARN: HHH90000025: H2Dialect does not need to be specified explicitly using 'hibernate.dialect' (remove the property setting and it will be selected by default)
mai. 14, 2025 12:21:56 PM org.hibernate.engine.transaction.jta.platform.internal.JtaPlatformInitiator initiateService
INFO: HHH000489: No JTA platform available (set 'hibernate.transaction.jta.platform' to enable JTA platform integration)
mai. 14, 2025 12:21:56 PM org.hibernate.resource.transaction.backend.jdbc.internal.DdlTransactionIsolatorNonJtaImpl getIsolatedConnection
INFO: HHH10001501: Connection obtained from JdbcConnectionAccess [org.hibernate.engine.jdbc.env.internal.JdbcEnvironmentInitiator$ConnectionProviderJdbcConnectionAccess@6de7778f] for (non-JTA) DDL execution was not in auto-commit mode; the Connection 'local transaction' will be committed and the Connection will be set into auto-commit mode.
mai. 14, 2025 12:21:56 PM org.hibernate.resource.transaction.backend.jdbc.internal.DdlTransactionIsolatorNonJtaImpl getIsolatedConnection
INFO: HHH10001501: Connection obtained from JdbcConnectionAccess [org.hibernate.engine.jdbc.env.internal.JdbcEnvironmentInitiator$ConnectionProviderJdbcConnectionAccess@74f280bd] for (non-JTA) DDL execution was not in auto-commit mode; the Connection 'local transaction' will be committed and the Connection will be set into auto-commit mode.
mai. 14, 2025 12:21:56 PM org.hibernate.resource.transaction.backend.jdbc.internal.DdlTransactionIsolatorNonJtaImpl getIsolatedConnection
INFO: HHH10001501: Connection obtained from JdbcConnectionAccess [org.hibernate.engine.jdbc.env.internal.JdbcEnvironmentInitiator$ConnectionProviderJdbcConnectionAccess@25f0c5e7] for (non-JTA) DDL execution was not in auto-commit mode; the Connection 'local transaction' will be committed and the Connection will be set into auto-commit mode.
mai. 14, 2025 12:21:56 PM org.hibernate.engine.jdbc.connections.internal.DriverManagerConnectionProviderImpl$PoolState stop
INFO: HHH10001008: Cleaning up connection pool [jdbc:h2:mem:test]
]]></system-err>
  </testcase>
  <testcase name="testAtualizar" classname="com.example.dao.EmprestimoDAOTest" time="0.133">
    <system-out><![CDATA[Hibernate: 
    drop table if exists Aluno cascade 
Hibernate: 
    drop table if exists Emprestimo cascade 
Hibernate: 
    drop table if exists Publicacao cascade 
Hibernate: 
    create table Aluno (
        matriculaAluno integer generated by default as identity,
        nome varchar(255),
        primary key (matriculaAluno)
    )
Hibernate: 
    create table Emprestimo (
        aluno_id integer,
        dataDevolucao date,
        dataEmprestimo date,
        id integer generated by default as identity,
        publicacao_id integer,
        primary key (id)
    )
Hibernate: 
    create table Publicacao (
        ano integer not null,
        codigoPub integer generated by default as identity,
        autor varchar(255),
        tipo varchar(255),
        titulo varchar(255),
        primary key (codigoPub)
    )
Hibernate: 
    alter table if exists Emprestimo 
       add constraint FKj8wph1uj1a4t5mjej9huvo699 
       foreign key (aluno_id) 
       references Aluno
Hibernate: 
    alter table if exists Emprestimo 
       add constraint FKnr3t00yqgs84taswbkfuo48ld 
       foreign key (publicacao_id) 
       references Publicacao
Hibernate: 
    insert 
    into
        Aluno
        (nome, matriculaAluno) 
    values
        (?, default)
Hibernate: 
    insert 
    into
        Publicacao
        (ano, autor, tipo, titulo, codigoPub) 
    values
        (?, ?, ?, ?, default)
Hibernate: 
    insert 
    into
        Emprestimo
        (aluno_id, dataDevolucao, dataEmprestimo, publicacao_id, id) 
    values
        (?, ?, ?, ?, default)
Hibernate: 
    update
        Emprestimo 
    set
        aluno_id=?,
        dataDevolucao=?,
        dataEmprestimo=?,
        publicacao_id=? 
    where
        id=?
Hibernate: 
    drop table if exists Aluno cascade 
Hibernate: 
    drop table if exists Emprestimo cascade 
Hibernate: 
    drop table if exists Publicacao cascade 
]]></system-out>
    <system-err><![CDATA[mai. 14, 2025 12:21:56 PM org.hibernate.jpa.boot.internal.PersistenceXmlParser parsePersistenceXml
WARN: HHH015018: Encountered multiple persistence-unit stanzas defining same name [bibliotecaPU]; persistence-unit names must be unique
mai. 14, 2025 12:21:56 PM org.hibernate.jpa.internal.util.LogHelper logPersistenceUnitInformation
INFO: HHH000204: Processing PersistenceUnitInfo [name: bibliotecaPU]
mai. 14, 2025 12:21:56 PM org.hibernate.cache.internal.RegionFactoryInitiator initiateService
INFO: HHH000026: Second-level cache disabled
mai. 14, 2025 12:21:56 PM org.hibernate.engine.jdbc.connections.internal.DriverManagerConnectionProviderImpl configure
WARN: HHH10001002: Using built-in connection pool (not intended for production use)
mai. 14, 2025 12:21:56 PM org.hibernate.engine.jdbc.connections.internal.DriverManagerConnectionProviderImpl buildCreator
INFO: HHH10001005: Loaded JDBC driver class: org.h2.Driver
mai. 14, 2025 12:21:56 PM org.hibernate.engine.jdbc.connections.internal.DriverManagerConnectionProviderImpl buildCreator
INFO: HHH10001012: Connecting with JDBC URL [jdbc:h2:mem:test]
mai. 14, 2025 12:21:56 PM org.hibernate.engine.jdbc.connections.internal.DriverManagerConnectionProviderImpl buildCreator
INFO: HHH10001001: Connection properties: {password=****, user=sa}
mai. 14, 2025 12:21:56 PM org.hibernate.engine.jdbc.connections.internal.DriverManagerConnectionProviderImpl buildCreator
INFO: HHH10001003: Autocommit mode: false
mai. 14, 2025 12:21:56 PM org.hibernate.engine.jdbc.connections.internal.DriverManagerConnectionProviderImpl$PooledConnections <init>
INFO: HHH10001115: Connection pool size: 20 (min=1)
mai. 14, 2025 12:21:56 PM org.hibernate.engine.jdbc.dialect.internal.DialectFactoryImpl constructDialect
WARN: HHH90000025: H2Dialect does not need to be specified explicitly using 'hibernate.dialect' (remove the property setting and it will be selected by default)
mai. 14, 2025 12:21:56 PM org.hibernate.engine.transaction.jta.platform.internal.JtaPlatformInitiator initiateService
INFO: HHH000489: No JTA platform available (set 'hibernate.transaction.jta.platform' to enable JTA platform integration)
mai. 14, 2025 12:21:56 PM org.hibernate.resource.transaction.backend.jdbc.internal.DdlTransactionIsolatorNonJtaImpl getIsolatedConnection
INFO: HHH10001501: Connection obtained from JdbcConnectionAccess [org.hibernate.engine.jdbc.env.internal.JdbcEnvironmentInitiator$ConnectionProviderJdbcConnectionAccess@852ef8d] for (non-JTA) DDL execution was not in auto-commit mode; the Connection 'local transaction' will be committed and the Connection will be set into auto-commit mode.
mai. 14, 2025 12:21:56 PM org.hibernate.resource.transaction.backend.jdbc.internal.DdlTransactionIsolatorNonJtaImpl getIsolatedConnection
INFO: HHH10001501: Connection obtained from JdbcConnectionAccess [org.hibernate.engine.jdbc.env.internal.JdbcEnvironmentInitiator$ConnectionProviderJdbcConnectionAccess@44dd0d38] for (non-JTA) DDL execution was not in auto-commit mode; the Connection 'local transaction' will be committed and the Connection will be set into auto-commit mode.
mai. 14, 2025 12:21:56 PM org.hibernate.resource.transaction.backend.jdbc.internal.DdlTransactionIsolatorNonJtaImpl getIsolatedConnection
INFO: HHH10001501: Connection obtained from JdbcConnectionAccess [org.hibernate.engine.jdbc.env.internal.JdbcEnvironmentInitiator$ConnectionProviderJdbcConnectionAccess@7de35070] for (non-JTA) DDL execution was not in auto-commit mode; the Connection 'local transaction' will be committed and the Connection will be set into auto-commit mode.
mai. 14, 2025 12:21:56 PM org.hibernate.engine.jdbc.connections.internal.DriverManagerConnectionProviderImpl$PoolState stop
INFO: HHH10001008: Cleaning up connection pool [jdbc:h2:mem:test]
]]></system-err>
  </testcase>
  <testcase name="testDeletar" classname="com.example.dao.EmprestimoDAOTest" time="0.146">
    <system-out><![CDATA[Hibernate: 
    drop table if exists Aluno cascade 
Hibernate: 
    drop table if exists Emprestimo cascade 
Hibernate: 
    drop table if exists Publicacao cascade 
Hibernate: 
    create table Aluno (
        matriculaAluno integer generated by default as identity,
        nome varchar(255),
        primary key (matriculaAluno)
    )
Hibernate: 
    create table Emprestimo (
        aluno_id integer,
        dataDevolucao date,
        dataEmprestimo date,
        id integer generated by default as identity,
        publicacao_id integer,
        primary key (id)
    )
Hibernate: 
    create table Publicacao (
        ano integer not null,
        codigoPub integer generated by default as identity,
        autor varchar(255),
        tipo varchar(255),
        titulo varchar(255),
        primary key (codigoPub)
    )
Hibernate: 
    alter table if exists Emprestimo 
       add constraint FKj8wph1uj1a4t5mjej9huvo699 
       foreign key (aluno_id) 
       references Aluno
Hibernate: 
    alter table if exists Emprestimo 
       add constraint FKnr3t00yqgs84taswbkfuo48ld 
       foreign key (publicacao_id) 
       references Publicacao
Hibernate: 
    insert 
    into
        Aluno
        (nome, matriculaAluno) 
    values
        (?, default)
Hibernate: 
    insert 
    into
        Publicacao
        (ano, autor, tipo, titulo, codigoPub) 
    values
        (?, ?, ?, ?, default)
Hibernate: 
    insert 
    into
        Emprestimo
        (aluno_id, dataDevolucao, dataEmprestimo, publicacao_id, id) 
    values
        (?, ?, ?, ?, default)
Hibernate: 
    delete 
    from
        Emprestimo 
    where
        id=?
Hibernate: 
    select
        e1_0.id,
        a1_0.matriculaAluno,
        a1_0.nome,
        e1_0.dataDevolucao,
        e1_0.dataEmprestimo,
        p1_0.codigoPub,
        p1_0.ano,
        p1_0.autor,
        p1_0.tipo,
        p1_0.titulo 
    from
        Emprestimo e1_0 
    left join
        Aluno a1_0 
            on a1_0.matriculaAluno=e1_0.aluno_id 
    left join
        Publicacao p1_0 
            on p1_0.codigoPub=e1_0.publicacao_id 
    where
        e1_0.id=?
Hibernate: 
    drop table if exists Aluno cascade 
Hibernate: 
    drop table if exists Emprestimo cascade 
Hibernate: 
    drop table if exists Publicacao cascade 
]]></system-out>
    <system-err><![CDATA[mai. 14, 2025 12:21:56 PM org.hibernate.jpa.boot.internal.PersistenceXmlParser parsePersistenceXml
WARN: HHH015018: Encountered multiple persistence-unit stanzas defining same name [bibliotecaPU]; persistence-unit names must be unique
mai. 14, 2025 12:21:56 PM org.hibernate.jpa.internal.util.LogHelper logPersistenceUnitInformation
INFO: HHH000204: Processing PersistenceUnitInfo [name: bibliotecaPU]
mai. 14, 2025 12:21:56 PM org.hibernate.cache.internal.RegionFactoryInitiator initiateService
INFO: HHH000026: Second-level cache disabled
mai. 14, 2025 12:21:56 PM org.hibernate.engine.jdbc.connections.internal.DriverManagerConnectionProviderImpl configure
WARN: HHH10001002: Using built-in connection pool (not intended for production use)
mai. 14, 2025 12:21:56 PM org.hibernate.engine.jdbc.connections.internal.DriverManagerConnectionProviderImpl buildCreator
INFO: HHH10001005: Loaded JDBC driver class: org.h2.Driver
mai. 14, 2025 12:21:56 PM org.hibernate.engine.jdbc.connections.internal.DriverManagerConnectionProviderImpl buildCreator
INFO: HHH10001012: Connecting with JDBC URL [jdbc:h2:mem:test]
mai. 14, 2025 12:21:56 PM org.hibernate.engine.jdbc.connections.internal.DriverManagerConnectionProviderImpl buildCreator
INFO: HHH10001001: Connection properties: {password=****, user=sa}
mai. 14, 2025 12:21:56 PM org.hibernate.engine.jdbc.connections.internal.DriverManagerConnectionProviderImpl buildCreator
INFO: HHH10001003: Autocommit mode: false
mai. 14, 2025 12:21:56 PM org.hibernate.engine.jdbc.connections.internal.DriverManagerConnectionProviderImpl$PooledConnections <init>
INFO: HHH10001115: Connection pool size: 20 (min=1)
mai. 14, 2025 12:21:56 PM org.hibernate.engine.jdbc.dialect.internal.DialectFactoryImpl constructDialect
WARN: HHH90000025: H2Dialect does not need to be specified explicitly using 'hibernate.dialect' (remove the property setting and it will be selected by default)
mai. 14, 2025 12:21:56 PM org.hibernate.engine.transaction.jta.platform.internal.JtaPlatformInitiator initiateService
INFO: HHH000489: No JTA platform available (set 'hibernate.transaction.jta.platform' to enable JTA platform integration)
mai. 14, 2025 12:21:56 PM org.hibernate.resource.transaction.backend.jdbc.internal.DdlTransactionIsolatorNonJtaImpl getIsolatedConnection
INFO: HHH10001501: Connection obtained from JdbcConnectionAccess [org.hibernate.engine.jdbc.env.internal.JdbcEnvironmentInitiator$ConnectionProviderJdbcConnectionAccess@591be8aa] for (non-JTA) DDL execution was not in auto-commit mode; the Connection 'local transaction' will be committed and the Connection will be set into auto-commit mode.
mai. 14, 2025 12:21:56 PM org.hibernate.resource.transaction.backend.jdbc.internal.DdlTransactionIsolatorNonJtaImpl getIsolatedConnection
INFO: HHH10001501: Connection obtained from JdbcConnectionAccess [org.hibernate.engine.jdbc.env.internal.JdbcEnvironmentInitiator$ConnectionProviderJdbcConnectionAccess@61808ecd] for (non-JTA) DDL execution was not in auto-commit mode; the Connection 'local transaction' will be committed and the Connection will be set into auto-commit mode.
mai. 14, 2025 12:21:56 PM org.hibernate.resource.transaction.backend.jdbc.internal.DdlTransactionIsolatorNonJtaImpl getIsolatedConnection
INFO: HHH10001501: Connection obtained from JdbcConnectionAccess [org.hibernate.engine.jdbc.env.internal.JdbcEnvironmentInitiator$ConnectionProviderJdbcConnectionAccess@7493d937] for (non-JTA) DDL execution was not in auto-commit mode; the Connection 'local transaction' will be committed and the Connection will be set into auto-commit mode.
mai. 14, 2025 12:21:56 PM org.hibernate.engine.jdbc.connections.internal.DriverManagerConnectionProviderImpl$PoolState stop
INFO: HHH10001008: Cleaning up connection pool [jdbc:h2:mem:test]
]]></system-err>
  </testcase>
  <testcase name="testListarTodos" classname="com.example.dao.EmprestimoDAOTest" time="0.374">
    <system-out><![CDATA[Hibernate: 
    drop table if exists Aluno cascade 
Hibernate: 
    drop table if exists Emprestimo cascade 
Hibernate: 
    drop table if exists Publicacao cascade 
Hibernate: 
    create table Aluno (
        matriculaAluno integer generated by default as identity,
        nome varchar(255),
        primary key (matriculaAluno)
    )
Hibernate: 
    create table Emprestimo (
        aluno_id integer,
        dataDevolucao date,
        dataEmprestimo date,
        id integer generated by default as identity,
        publicacao_id integer,
        primary key (id)
    )
Hibernate: 
    create table Publicacao (
        ano integer not null,
        codigoPub integer generated by default as identity,
        autor varchar(255),
        tipo varchar(255),
        titulo varchar(255),
        primary key (codigoPub)
    )
Hibernate: 
    alter table if exists Emprestimo 
       add constraint FKj8wph1uj1a4t5mjej9huvo699 
       foreign key (aluno_id) 
       references Aluno
Hibernate: 
    alter table if exists Emprestimo 
       add constraint FKnr3t00yqgs84taswbkfuo48ld 
       foreign key (publicacao_id) 
       references Publicacao
Hibernate: 
    insert 
    into
        Aluno
        (nome, matriculaAluno) 
    values
        (?, default)
Hibernate: 
    insert 
    into
        Publicacao
        (ano, autor, tipo, titulo, codigoPub) 
    values
        (?, ?, ?, ?, default)
Hibernate: 
    insert 
    into
        Emprestimo
        (aluno_id, dataDevolucao, dataEmprestimo, publicacao_id, id) 
    values
        (?, ?, ?, ?, default)
Hibernate: 
    select
        e1_0.id,
        e1_0.aluno_id,
        e1_0.dataDevolucao,
        e1_0.dataEmprestimo,
        e1_0.publicacao_id 
    from
        Emprestimo e1_0
Hibernate: 
    drop table if exists Aluno cascade 
Hibernate: 
    drop table if exists Emprestimo cascade 
Hibernate: 
    drop table if exists Publicacao cascade 
]]></system-out>
    <system-err><![CDATA[mai. 14, 2025 12:21:56 PM org.hibernate.jpa.boot.internal.PersistenceXmlParser parsePersistenceXml
WARN: HHH015018: Encountered multiple persistence-unit stanzas defining same name [bibliotecaPU]; persistence-unit names must be unique
mai. 14, 2025 12:21:56 PM org.hibernate.jpa.internal.util.LogHelper logPersistenceUnitInformation
INFO: HHH000204: Processing PersistenceUnitInfo [name: bibliotecaPU]
mai. 14, 2025 12:21:56 PM org.hibernate.cache.internal.RegionFactoryInitiator initiateService
INFO: HHH000026: Second-level cache disabled
mai. 14, 2025 12:21:56 PM org.hibernate.engine.jdbc.connections.internal.DriverManagerConnectionProviderImpl configure
WARN: HHH10001002: Using built-in connection pool (not intended for production use)
mai. 14, 2025 12:21:56 PM org.hibernate.engine.jdbc.connections.internal.DriverManagerConnectionProviderImpl buildCreator
INFO: HHH10001005: Loaded JDBC driver class: org.h2.Driver
mai. 14, 2025 12:21:56 PM org.hibernate.engine.jdbc.connections.internal.DriverManagerConnectionProviderImpl buildCreator
INFO: HHH10001012: Connecting with JDBC URL [jdbc:h2:mem:test]
mai. 14, 2025 12:21:56 PM org.hibernate.engine.jdbc.connections.internal.DriverManagerConnectionProviderImpl buildCreator
INFO: HHH10001001: Connection properties: {password=****, user=sa}
mai. 14, 2025 12:21:56 PM org.hibernate.engine.jdbc.connections.internal.DriverManagerConnectionProviderImpl buildCreator
INFO: HHH10001003: Autocommit mode: false
mai. 14, 2025 12:21:56 PM org.hibernate.engine.jdbc.connections.internal.DriverManagerConnectionProviderImpl$PooledConnections <init>
INFO: HHH10001115: Connection pool size: 20 (min=1)
mai. 14, 2025 12:21:56 PM org.hibernate.engine.jdbc.dialect.internal.DialectFactoryImpl constructDialect
WARN: HHH90000025: H2Dialect does not need to be specified explicitly using 'hibernate.dialect' (remove the property setting and it will be selected by default)
mai. 14, 2025 12:21:56 PM org.hibernate.engine.transaction.jta.platform.internal.JtaPlatformInitiator initiateService
INFO: HHH000489: No JTA platform available (set 'hibernate.transaction.jta.platform' to enable JTA platform integration)
mai. 14, 2025 12:21:56 PM org.hibernate.resource.transaction.backend.jdbc.internal.DdlTransactionIsolatorNonJtaImpl getIsolatedConnection
INFO: HHH10001501: Connection obtained from JdbcConnectionAccess [org.hibernate.engine.jdbc.env.internal.JdbcEnvironmentInitiator$ConnectionProviderJdbcConnectionAccess@e795a1d] for (non-JTA) DDL execution was not in auto-commit mode; the Connection 'local transaction' will be committed and the Connection will be set into auto-commit mode.
mai. 14, 2025 12:21:56 PM org.hibernate.resource.transaction.backend.jdbc.internal.DdlTransactionIsolatorNonJtaImpl getIsolatedConnection
INFO: HHH10001501: Connection obtained from JdbcConnectionAccess [org.hibernate.engine.jdbc.env.internal.JdbcEnvironmentInitiator$ConnectionProviderJdbcConnectionAccess@38c10190] for (non-JTA) DDL execution was not in auto-commit mode; the Connection 'local transaction' will be committed and the Connection will be set into auto-commit mode.
mai. 14, 2025 12:21:57 PM org.hibernate.resource.transaction.backend.jdbc.internal.DdlTransactionIsolatorNonJtaImpl getIsolatedConnection
INFO: HHH10001501: Connection obtained from JdbcConnectionAccess [org.hibernate.engine.jdbc.env.internal.JdbcEnvironmentInitiator$ConnectionProviderJdbcConnectionAccess@5a205ee5] for (non-JTA) DDL execution was not in auto-commit mode; the Connection 'local transaction' will be committed and the Connection will be set into auto-commit mode.
mai. 14, 2025 12:21:57 PM org.hibernate.engine.jdbc.connections.internal.DriverManagerConnectionProviderImpl$PoolState stop
INFO: HHH10001008: Cleaning up connection pool [jdbc:h2:mem:test]
]]></system-err>
  </testcase>
</testsuite>